▲ Next.js 16.2.10 (Turbopack)
- Environments: .env.local

  Creating an optimized production build ...
✓ Compiled successfully in 1351ms
  Running TypeScript ...
  Finished TypeScript in 1507ms ...
  Collecting page data using 15 workers ...
  Generating static pages using 15 workers (0/20) ...
  Generating static pages using 15 workers (5/20) 
  Generating static pages using 15 workers (10/20) 
  Generating static pages using 15 workers (15/20) 
✓ Generating static pages using 15 workers (20/20) in 419ms
  Finalizing page optimization ...

Route (app)
┌ ○ /
├ ○ /_not-found
├ ƒ /api/auth/login
├ ƒ /api/auth/register
├ ƒ /api/auth/send-code
├ ƒ /api/download-image
├ ƒ /api/generate-image
├ ƒ /api/optimize
├ ƒ /api/paddle/create-transaction
├ ƒ /api/paddle/webhook
├ ƒ /api/system-config
└ ● /tools/[slug]
  ├ /tools/midjourney-prompt-generator
  ├ /tools/stable-diffusion-prompt-generator
  ├ /tools/midjourney-character-prompt-generator
  └ [+4 more paths]


○  (Static)   prerendered as static content
●  (SSG)      prerendered as static HTML (uses generateStaticParams)
ƒ  (Dynamic)  server-rendered on demand

